<?xml version="1.0" encoding="UTF-8"?>
<!-- Generated by org.testng.reporters.JUnitReportReporter -->
<testsuite hostname="DESKTOP-0GTSK05" failures="0" tests="4" name="runner.Runner" time="198.918" errors="0" timestamp="2023-11-27T13:47:49 IST" skipped="0">
  <testcase classname="runner.Runner" name="runScenario" time="69.274"/>
  <testcase classname="runner.Runner" name="runScenario" time="54.498"/>
  <testcase classname="runner.Runner" name="runScenario" time="38.020"/>
  <testcase classname="runner.Runner" name="runScenario" time="37.126"/>
</testsuite> <!-- runner.Runner -->
